------------------------------------------------------------------------------------------------------------------------

[2024-08-09 04:09:34 #1 store] 
Database '/Users/txpert/Java Projects/tutobdb/mydb.odb' is opened by 50916@TIRO.lan

[2024-08-09 04:09:34 #2 store] 
Configuration path: ?

[2024-08-09 04:09:34 #3 type] 
Type model.Book is not enhanced.

[2024-08-09 04:09:34 #4 store] 
Database '/Users/txpert/Java Projects/tutobdb/mydb.odb' is closed by 50916@TIRO.lan

------------------------------------------------------------------------------------------------------------------------

[2024-08-09 04:10:23 #1 store] 
Database '/Users/txpert/Java Projects/tutobdb/mydb.odb' is opened by 50955@TIRO.lan

[2024-08-09 04:10:23 #2 store] 
Configuration path: ?

[2024-08-09 05:17:48 #3 store] 
Database '/Users/txpert/Java Projects/tutobdb/mydb.odb' is closed by 50955@TIRO.lan

------------------------------------------------------------------------------------------------------------------------

[2024-08-09 05:17:55 #1 store] 
Database '/Users/txpert/Java Projects/tutobdb/mydb.odb' is opened by 53533@TIRO.lan

[2024-08-09 05:17:55 #2 store] 
Configuration path: ?

[2024-08-09 05:17:55 #3 type] 
Type model.Book is not enhanced.

[2024-08-09 05:17:55 #4 store] 
Database '/Users/txpert/Java Projects/tutobdb/mydb.odb' is closed by 53533@TIRO.lan

------------------------------------------------------------------------------------------------------------------------

[2024-08-09 05:18:30 #1 store] 
Database '/Users/txpert/Java Projects/tutobdb/mydb.odb' is opened by 53586@TIRO.lan

[2024-08-09 05:18:30 #2 store] 
Configuration path: ?

[2024-08-09 05:21:47 #3 store] 
Database '/Users/txpert/Java Projects/tutobdb/mydb.odb' is closed by 53586@TIRO.lan

------------------------------------------------------------------------------------------------------------------------

[2024-08-09 05:21:52 #1 store] 
Database '/Users/txpert/Java Projects/tutobdb/mydb.odb' is opened by 53823@TIRO.lan

[2024-08-09 05:21:52 #2 store] 
Configuration path: ?

[2024-08-09 05:21:52 #3 type] 
Type model.Book is not enhanced.

[2024-08-09 05:21:52 #4 store] 
Database '/Users/txpert/Java Projects/tutobdb/mydb.odb' is closed by 53823@TIRO.lan

------------------------------------------------------------------------------------------------------------------------

[2024-08-09 05:22:17 #1 store] 
Database '/Users/txpert/Java Projects/tutobdb/mydb.odb' is opened by 53852@TIRO.lan

[2024-08-09 05:22:17 #2 store] 
Configuration path: ?

[2024-08-09 05:26:30 #3 store] 
Database '/Users/txpert/Java Projects/tutobdb/mydb.odb' is closed by 53852@TIRO.lan

------------------------------------------------------------------------------------------------------------------------

[2024-08-09 05:26:34 #1 store] 
Database '/Users/txpert/Java Projects/tutobdb/mydb.odb' is opened by 54188@TIRO.lan

[2024-08-09 05:26:34 #2 store] 
Configuration path: ?

[2024-08-09 05:26:34 #3 type] 
Type model.Book is not enhanced.

[2024-08-09 05:26:34 #4 store] 
Database '/Users/txpert/Java Projects/tutobdb/mydb.odb' is closed by 54188@TIRO.lan

------------------------------------------------------------------------------------------------------------------------

[2024-08-09 05:26:38 #1 store] 
Database '/Users/txpert/Java Projects/tutobdb/mydb.odb' is opened by 54201@TIRO.lan

[2024-08-09 05:26:38 #2 store] 
Configuration path: ?

[2024-08-09 05:27:10 #3 store] 
Database '/Users/txpert/Java Projects/tutobdb/mydb.odb' is closed by 54201@TIRO.lan

------------------------------------------------------------------------------------------------------------------------

[2024-08-09 05:27:14 #1 store] 
Database '/Users/txpert/Java Projects/tutobdb/mydb.odb' is opened by 54236@TIRO.lan

[2024-08-09 05:27:14 #2 store] 
Configuration path: ?

[2024-08-09 05:27:14 #3 type] 
Type model.Book is not enhanced.

------------------------------------------------------------------------------------------------------------------------

[2024-08-09 05:27:24 #1 store] 
Database '/Users/txpert/Java Projects/tutobdb/mydb.odb' is opened by 54258@TIRO.lan

[2024-08-09 05:27:24 #2 store] 
Configuration path: ?

[2024-08-09 05:28:00 #3 store] 
Database '/Users/txpert/Java Projects/tutobdb/mydb.odb' is closed by 54258@TIRO.lan

------------------------------------------------------------------------------------------------------------------------

[2024-08-09 05:28:03 #1 store] 
Database '/Users/txpert/Java Projects/tutobdb/mydb.odb' is opened by 54338@TIRO.lan

[2024-08-09 05:28:03 #2 store] 
Configuration path: ?

[2024-08-09 05:28:03 #3 type] 
Type model.Book is not enhanced.

[2024-08-09 05:28:03 #4 store] 
Database '/Users/txpert/Java Projects/tutobdb/mydb.odb' is closed by 54338@TIRO.lan

------------------------------------------------------------------------------------------------------------------------

[2024-08-09 05:28:08 #1 store] 
Database '/Users/txpert/Java Projects/tutobdb/mydb.odb' is opened by 54350@TIRO.lan

[2024-08-09 05:28:08 #2 store] 
Configuration path: ?

[2024-08-09 05:29:41 #3 store] 
Database '/Users/txpert/Java Projects/tutobdb/mydb.odb' is closed by 54350@TIRO.lan

------------------------------------------------------------------------------------------------------------------------

[2024-08-09 05:29:43 #1 store] 
Database '/Users/txpert/Java Projects/tutobdb/mydb.odb' is opened by 54461@TIRO.lan

[2024-08-09 05:29:43 #2 store] 
Configuration path: ?

[2024-08-09 05:29:43 #3 type] 
Type model.Book is not enhanced.

------------------------------------------------------------------------------------------------------------------------

[2024-08-09 05:29:50 #1 store] 
Database '/Users/txpert/Java Projects/tutobdb/mydb.odb' is opened by 54473@TIRO.lan

[2024-08-09 05:29:50 #2 store] 
Configuration path: ?

[2024-08-09 05:30:13 #3 store] 
Database '/Users/txpert/Java Projects/tutobdb/mydb.odb' is closed by 54473@TIRO.lan

------------------------------------------------------------------------------------------------------------------------

[2024-08-09 05:30:16 #1 store] 
Database '/Users/txpert/Java Projects/tutobdb/mydb.odb' is opened by 54514@TIRO.lan

[2024-08-09 05:30:16 #2 store] 
Configuration path: ?

[2024-08-09 05:30:16 #3 type] 
Type model.Book is not enhanced.

[2024-08-09 05:30:16 #4 store] 
Database '/Users/txpert/Java Projects/tutobdb/mydb.odb' is closed by 54514@TIRO.lan

------------------------------------------------------------------------------------------------------------------------

[2024-08-09 05:30:24 #1 store] 
Database '/Users/txpert/Java Projects/tutobdb/mydb.odb' is opened by 54529@TIRO.lan

[2024-08-09 05:30:24 #2 store] 
Configuration path: ?

[2024-08-09 05:32:52 #3 store] 
Database '/Users/txpert/Java Projects/tutobdb/mydb.odb' is closed by 54529@TIRO.lan

